2025-07-12 15:57:09 [restartedMain] INFO  c.d.eventwave.EventwaveApplication - Starting EventwaveApplication using Java 21.0.7 with PID 21116 (C:\Users\HP\eclipse-workspace\eventwave _Whislist\eventwave\eventwave\target\classes started by HP in C:\Users\HP\eclipse-workspace\eventwave _Whislist\eventwave\eventwave)
2025-07-12 15:57:09 [restartedMain] INFO  c.d.eventwave.EventwaveApplication - No active profile set, falling back to 1 default profile: "default"
2025-07-12 15:57:09 [restartedMain] INFO  o.s.b.d.e.DevToolsPropertyDefaultsPostProcessor - Devtools property defaults active! Set 'spring.devtools.add-properties' to 'false' to disable
2025-07-12 15:57:09 [restartedMain] INFO  o.s.b.d.e.DevToolsPropertyDefaultsPostProcessor - For additional web related logging consider setting the 'logging.level.web' property to 'DEBUG'
2025-07-12 15:57:10 [restartedMain] INFO  o.s.d.r.c.RepositoryConfigurationDelegate - Bootstrapping Spring Data JPA repositories in DEFAULT mode.
2025-07-12 15:57:10 [restartedMain] INFO  o.s.d.r.c.RepositoryConfigurationDelegate - Finished Spring Data repository scanning in 99 ms. Found 5 JPA repository interfaces.
2025-07-12 15:57:11 [restartedMain] INFO  o.s.b.w.e.tomcat.TomcatWebServer - Tomcat initialized with port 8082 (http)
2025-07-12 15:57:11 [restartedMain] INFO  o.a.catalina.core.StandardService - Starting service [Tomcat]
2025-07-12 15:57:11 [restartedMain] INFO  o.a.catalina.core.StandardEngine - Starting Servlet engine: [Apache Tomcat/10.1.39]
2025-07-12 15:57:11 [restartedMain] INFO  o.a.c.c.C.[Tomcat].[localhost].[/] - Initializing Spring embedded WebApplicationContext
2025-07-12 15:57:11 [restartedMain] INFO  o.s.b.w.s.c.ServletWebServerApplicationContext - Root WebApplicationContext: initialization completed in 1977 ms
2025-07-12 15:57:11 [restartedMain] INFO  o.h.jpa.internal.util.LogHelper - HHH000204: Processing PersistenceUnitInfo [name: default]
2025-07-12 15:57:11 [restartedMain] INFO  org.hibernate.Version - HHH000412: Hibernate ORM core version 6.6.11.Final
2025-07-12 15:57:11 [restartedMain] INFO  o.h.c.i.RegionFactoryInitiator - HHH000026: Second-level cache disabled
2025-07-12 15:57:11 [restartedMain] INFO  o.s.o.j.p.SpringPersistenceUnitInfo - No LoadTimeWeaver setup: ignoring JPA class transformer
2025-07-12 15:57:11 [restartedMain] INFO  com.zaxxer.hikari.HikariDataSource - HikariPool-1 - Starting...
2025-07-12 15:57:12 [restartedMain] INFO  com.zaxxer.hikari.pool.HikariPool - HikariPool-1 - Added connection com.mysql.cj.jdbc.ConnectionImpl@1dbbfa51
2025-07-12 15:57:12 [restartedMain] INFO  com.zaxxer.hikari.HikariDataSource - HikariPool-1 - Start completed.
2025-07-12 15:57:12 [restartedMain] WARN  org.hibernate.orm.deprecation - HHH90000025: MySQLDialect does not need to be specified explicitly using 'hibernate.dialect' (remove the property setting and it will be selected by default)
2025-07-12 15:57:12 [restartedMain] INFO  o.hibernate.orm.connections.pooling - HHH10001005: Database info:
	Database JDBC URL [Connecting through datasource 'HikariDataSource (HikariPool-1)']
	Database driver: undefined/unknown
	Database version: 8.0.42
	Autocommit mode: undefined/unknown
	Isolation level: undefined/unknown
	Minimum pool size: undefined/unknown
	Maximum pool size: undefined/unknown
2025-07-12 15:57:13 [restartedMain] INFO  o.h.e.t.j.p.i.JtaPlatformInitiator - HHH000489: No JTA platform available (set 'hibernate.transaction.jta.platform' to enable JTA platform integration)
2025-07-12 15:57:14 [restartedMain] INFO  o.s.o.j.LocalContainerEntityManagerFactoryBean - Initialized JPA EntityManagerFactory for persistence unit 'default'
2025-07-12 15:57:14 [restartedMain] INFO  o.s.s.c.a.a.c.InitializeAuthenticationProviderBeanManagerConfigurer$InitializeAuthenticationProviderManagerConfigurer - Global AuthenticationManager configured with AuthenticationProvider bean with name daoAuthenticationProvider
2025-07-12 15:57:14 [restartedMain] WARN  o.s.s.c.a.a.c.InitializeUserDetailsBeanManagerConfigurer$InitializeUserDetailsManagerConfigurer - Global AuthenticationManager configured with an AuthenticationProvider bean. UserDetailsService beans will not be used by Spring Security for automatically configuring username/password login. Consider removing the AuthenticationProvider bean. Alternatively, consider using the UserDetailsService in a manually instantiated DaoAuthenticationProvider. If the current configuration is intentional, to turn off this warning, increase the logging level of 'org.springframework.security.config.annotation.authentication.configuration.InitializeUserDetailsBeanManagerConfigurer' to ERROR
2025-07-12 15:57:14 [restartedMain] INFO  o.s.d.j.r.query.QueryEnhancerFactory - Hibernate is in classpath; If applicable, HQL parser will be used.
2025-07-12 15:57:15 [restartedMain] INFO  c.d.e.c.AttendeeEventController - AttendeeEventController initialized
2025-07-12 15:57:15 [restartedMain] INFO  c.d.e.controller.AuthController - AuthController initialized
2025-07-12 15:57:15 [restartedMain] INFO  c.d.e.c.OrganizerEventController - OrganizerEventController initialized
2025-07-12 15:57:15 [restartedMain] WARN  o.s.b.a.o.j.JpaBaseConfiguration$JpaWebConfiguration - spring.jpa.open-in-view is enabled by default. Therefore, database queries may be performed during view rendering. Explicitly configure spring.jpa.open-in-view to disable this warning
2025-07-12 15:57:16 [restartedMain] INFO  o.s.b.d.a.OptionalLiveReloadServer - LiveReload server is running on port 35729
2025-07-12 15:57:16 [restartedMain] INFO  o.s.b.w.e.tomcat.TomcatWebServer - Tomcat started on port 8082 (http) with context path '/'
2025-07-12 15:57:16 [restartedMain] INFO  c.d.eventwave.EventwaveApplication - Started EventwaveApplication in 7.895 seconds (process running for 8.806)
2025-07-12 15:57:16 [restartedMain] DEBUG org.hibernate.SQL - select u1_0.user_id,u1_0.email,u1_0.password,u1_0.role,u1_0.user_name from users u1_0 where u1_0.user_name=?
2025-07-12 16:02:36 [http-nio-8082-exec-4] INFO  o.a.c.c.C.[Tomcat].[localhost].[/] - Initializing Spring DispatcherServlet 'dispatcherServlet'
2025-07-12 16:02:36 [http-nio-8082-exec-4] INFO  o.s.web.servlet.DispatcherServlet - Initializing Servlet 'dispatcherServlet'
2025-07-12 16:02:36 [http-nio-8082-exec-4] INFO  o.s.web.servlet.DispatcherServlet - Completed initialization in 2 ms
2025-07-12 16:02:37 [http-nio-8082-exec-4] DEBUG org.hibernate.SQL - select u1_0.user_id,u1_0.email,u1_0.password,u1_0.role,u1_0.user_name from users u1_0 where u1_0.user_name=?
2025-07-12 16:04:49 [http-nio-8082-exec-6] INFO  c.d.e.c.RegistrationController - Received registration request for userId=4 and eventId=1
2025-07-12 16:04:49 [http-nio-8082-exec-6] INFO  c.d.e.service.RegistrationService - Attempting to register user with ID 4 for event with ID 1
2025-07-12 16:04:49 [http-nio-8082-exec-6] DEBUG org.hibernate.SQL - select u1_0.user_id,u1_0.email,u1_0.password,u1_0.role,u1_0.user_name from users u1_0 where u1_0.user_id=?
2025-07-12 16:04:49 [http-nio-8082-exec-6] DEBUG org.hibernate.SQL - select e1_0.event_id,e1_0.capacity,e1_0.category,e1_0.date_time,e1_0.description,e1_0.location,e1_0.organizer_id,e1_0.price,e1_0.title from events e1_0 where e1_0.event_id=?
2025-07-12 16:04:49 [http-nio-8082-exec-6] DEBUG org.hibernate.SQL - select r1_0.registration_id,r1_0.event_id,r1_0.status,r1_0.user_id from registrations r1_0 where r1_0.user_id=? and r1_0.event_id=?
2025-07-12 16:04:49 [http-nio-8082-exec-6] WARN  c.d.e.service.RegistrationService - User 4 already registered for event 1
2025-07-12 16:04:49 [http-nio-8082-exec-6] INFO  c.d.e.c.RegistrationController - Registration result: Already registered.
2025-07-12 16:07:11 [http-nio-8082-exec-10] DEBUG org.hibernate.SQL - select u1_0.user_id,u1_0.email,u1_0.password,u1_0.role,u1_0.user_name from users u1_0 where u1_0.user_name=?
2025-07-12 16:07:11 [http-nio-8082-exec-10] DEBUG org.hibernate.SQL - select r1_0.registration_id,r1_0.event_id,r1_0.status,r1_0.user_id from registrations r1_0 where r1_0.user_id=?
2025-07-12 16:07:11 [http-nio-8082-exec-10] DEBUG org.hibernate.SQL - select e1_0.event_id,e1_0.capacity,e1_0.category,e1_0.date_time,e1_0.description,e1_0.location,e1_0.organizer_id,e1_0.price,e1_0.title from events e1_0 where e1_0.event_id=?
2025-07-12 16:07:11 [http-nio-8082-exec-10] DEBUG org.hibernate.SQL - select u1_0.user_id,u1_0.email,u1_0.password,u1_0.role,u1_0.user_name from users u1_0 where u1_0.user_id=?
2025-07-12 16:07:11 [http-nio-8082-exec-10] DEBUG org.hibernate.SQL - select u1_0.user_id,u1_0.email,u1_0.password,u1_0.role,u1_0.user_name from users u1_0 where u1_0.user_name=?
2025-07-12 16:07:11 [http-nio-8082-exec-10] DEBUG org.hibernate.SQL - select w1_0.id from wishlists w1_0 left join users u1_0 on u1_0.user_id=w1_0.user_id left join events e1_0 on e1_0.event_id=w1_0.event_id where u1_0.user_id=? and e1_0.event_id=? limit ?
2025-07-12 16:07:11 [http-nio-8082-exec-10] INFO  c.d.e.c.AttendeeEventController - Found 1 registered events for user: shivan
2025-07-12 16:16:23 [http-nio-8082-exec-4] DEBUG org.hibernate.SQL - select u1_0.user_id,u1_0.email,u1_0.password,u1_0.role,u1_0.user_name from users u1_0 where u1_0.user_name=?
2025-07-12 16:16:23 [http-nio-8082-exec-4] DEBUG org.hibernate.SQL - select r1_0.registration_id,r1_0.event_id,r1_0.status,r1_0.user_id from registrations r1_0 where r1_0.user_id=?
2025-07-12 16:16:23 [http-nio-8082-exec-4] DEBUG org.hibernate.SQL - select e1_0.event_id,e1_0.capacity,e1_0.category,e1_0.date_time,e1_0.description,e1_0.location,e1_0.organizer_id,e1_0.price,e1_0.title from events e1_0 where e1_0.event_id=?
2025-07-12 16:16:23 [http-nio-8082-exec-4] DEBUG org.hibernate.SQL - select u1_0.user_id,u1_0.email,u1_0.password,u1_0.role,u1_0.user_name from users u1_0 where u1_0.user_id=?
2025-07-12 16:16:23 [http-nio-8082-exec-4] DEBUG org.hibernate.SQL - select u1_0.user_id,u1_0.email,u1_0.password,u1_0.role,u1_0.user_name from users u1_0 where u1_0.user_name=?
2025-07-12 16:16:23 [http-nio-8082-exec-4] DEBUG org.hibernate.SQL - select w1_0.id from wishlists w1_0 left join users u1_0 on u1_0.user_id=w1_0.user_id left join events e1_0 on e1_0.event_id=w1_0.event_id where u1_0.user_id=? and e1_0.event_id=? limit ?
2025-07-12 16:16:23 [http-nio-8082-exec-4] INFO  c.d.e.c.AttendeeEventController - Found 1 registered events for user: shivan
2025-07-12 16:19:43 [http-nio-8082-exec-6] DEBUG org.hibernate.SQL - select e1_0.event_id,e1_0.capacity,e1_0.category,e1_0.date_time,e1_0.description,e1_0.location,e1_0.organizer_id,e1_0.price,e1_0.title from events e1_0
2025-07-12 16:19:43 [http-nio-8082-exec-6] DEBUG org.hibernate.SQL - select u1_0.user_id,u1_0.email,u1_0.password,u1_0.role,u1_0.user_name from users u1_0 where u1_0.user_id=?
2025-07-12 16:19:43 [http-nio-8082-exec-6] DEBUG org.hibernate.SQL - select u1_0.user_id,u1_0.email,u1_0.password,u1_0.role,u1_0.user_name from users u1_0 where u1_0.user_name=?
2025-07-12 16:19:43 [http-nio-8082-exec-6] DEBUG org.hibernate.SQL - select w1_0.id from wishlists w1_0 left join users u1_0 on u1_0.user_id=w1_0.user_id left join events e1_0 on e1_0.event_id=w1_0.event_id where u1_0.user_id=? and e1_0.event_id=? limit ?
2025-07-12 16:19:43 [http-nio-8082-exec-6] DEBUG org.hibernate.SQL - select u1_0.user_id,u1_0.email,u1_0.password,u1_0.role,u1_0.user_name from users u1_0 where u1_0.user_name=?
2025-07-12 16:19:43 [http-nio-8082-exec-6] DEBUG org.hibernate.SQL - select w1_0.id from wishlists w1_0 left join users u1_0 on u1_0.user_id=w1_0.user_id left join events e1_0 on e1_0.event_id=w1_0.event_id where u1_0.user_id=? and e1_0.event_id=? limit ?
2025-07-12 16:19:43 [http-nio-8082-exec-6] INFO  c.d.e.c.AttendeeEventController - Retrieved 2 events
2025-07-12 16:20:32 [http-nio-8082-exec-7] DEBUG org.hibernate.SQL - select e1_0.event_id,e1_0.capacity,e1_0.category,e1_0.date_time,e1_0.description,e1_0.location,e1_0.organizer_id,e1_0.price,e1_0.title from events e1_0 where e1_0.event_id=?
2025-07-12 16:20:32 [http-nio-8082-exec-7] DEBUG org.hibernate.SQL - select u1_0.user_id,u1_0.email,u1_0.password,u1_0.role,u1_0.user_name from users u1_0 where u1_0.user_id=?
2025-07-12 16:20:32 [http-nio-8082-exec-7] DEBUG org.hibernate.SQL - select u1_0.user_id,u1_0.email,u1_0.password,u1_0.role,u1_0.user_name from users u1_0 where u1_0.user_name=?
2025-07-12 16:20:32 [http-nio-8082-exec-7] DEBUG org.hibernate.SQL - select w1_0.id from wishlists w1_0 left join users u1_0 on u1_0.user_id=w1_0.user_id left join events e1_0 on e1_0.event_id=w1_0.event_id where u1_0.user_id=? and e1_0.event_id=? limit ?
2025-07-12 16:20:32 [http-nio-8082-exec-7] INFO  c.d.e.c.AttendeeEventController - Successfully retrieved event with ID: 2
2025-07-12 16:21:19 [http-nio-8082-exec-5] DEBUG org.hibernate.SQL - select e1_0.event_id,e1_0.capacity,e1_0.category,e1_0.date_time,e1_0.description,e1_0.location,e1_0.organizer_id,e1_0.price,e1_0.title from events e1_0 where upper(e1_0.title) like upper(?) escape '\\'
2025-07-12 16:21:19 [http-nio-8082-exec-5] DEBUG org.hibernate.SQL - select u1_0.user_id,u1_0.email,u1_0.password,u1_0.role,u1_0.user_name from users u1_0 where u1_0.user_id=?
2025-07-12 16:21:19 [http-nio-8082-exec-5] INFO  c.d.e.c.AttendeeEventController - Found 2 events matching title: AI Conference 2025
2025-07-12 16:22:09 [http-nio-8082-exec-8] DEBUG org.hibernate.SQL - select e1_0.event_id,e1_0.capacity,e1_0.category,e1_0.date_time,e1_0.description,e1_0.location,e1_0.organizer_id,e1_0.price,e1_0.title from events e1_0 where upper(e1_0.location) like upper(?) escape '\\'
2025-07-12 16:22:09 [http-nio-8082-exec-8] DEBUG org.hibernate.SQL - select u1_0.user_id,u1_0.email,u1_0.password,u1_0.role,u1_0.user_name from users u1_0 where u1_0.user_id=?
2025-07-12 16:22:09 [http-nio-8082-exec-8] INFO  c.d.e.c.AttendeeEventController - Found 2 events in location: Mangaluru Convention Center
2025-07-12 16:22:36 [http-nio-8082-exec-9] WARN  o.s.w.s.m.s.DefaultHandlerExceptionResolver - Resolved [org.springframework.web.bind.MissingServletRequestParameterException: Required request parameter 'start' for method parameter type LocalDateTime is not present]
2025-07-12 16:29:25 [http-nio-8082-exec-4] DEBUG org.hibernate.SQL - select u1_0.user_id,u1_0.email,u1_0.password,u1_0.role,u1_0.user_name from users u1_0 where u1_0.user_name=?
2025-07-12 16:29:25 [http-nio-8082-exec-4] DEBUG org.hibernate.SQL - select w1_0.id,w1_0.created_at,w1_0.event_id,w1_0.user_id from wishlists w1_0 left join users u1_0 on u1_0.user_id=w1_0.user_id where u1_0.user_id=?
2025-07-12 16:29:25 [http-nio-8082-exec-4] INFO  c.d.e.controller.WishlistController - Found 0 items in wishlist for user shivan
2025-07-12 16:29:35 [http-nio-8082-exec-2] WARN  o.s.w.s.m.s.DefaultHandlerExceptionResolver - Resolved [org.springframework.web.HttpRequestMethodNotSupportedException: Request method 'GET' is not supported]
2025-07-12 16:33:24 [http-nio-8082-exec-7] DEBUG org.hibernate.SQL - select u1_0.user_id,u1_0.email,u1_0.password,u1_0.role,u1_0.user_name from users u1_0 where u1_0.user_name=?
2025-07-12 16:33:24 [http-nio-8082-exec-7] DEBUG org.hibernate.SQL - select e1_0.event_id,e1_0.capacity,e1_0.category,e1_0.date_time,e1_0.description,e1_0.location,e1_0.organizer_id,e1_0.price,e1_0.title from events e1_0 where e1_0.event_id=?
2025-07-12 16:33:24 [http-nio-8082-exec-7] DEBUG org.hibernate.SQL - select w1_0.id from wishlists w1_0 where w1_0.user_id=? and w1_0.event_id=? limit ?
2025-07-12 16:33:24 [http-nio-8082-exec-7] DEBUG org.hibernate.SQL - insert into wishlists (created_at,event_id,user_id) values (?,?,?)
2025-07-12 16:33:24 [http-nio-8082-exec-7] INFO  c.d.e.service.WishlistService - Successfully added event 1 to wishlist for user 4
2025-07-12 16:33:24 [http-nio-8082-exec-7] INFO  c.d.e.controller.WishlistController - Wishlist addition result: Event added to wishlist successfully
2025-07-12 16:33:34 [http-nio-8082-exec-5] DEBUG org.hibernate.SQL - select u1_0.user_id,u1_0.email,u1_0.password,u1_0.role,u1_0.user_name from users u1_0 where u1_0.user_name=?
2025-07-12 16:33:34 [http-nio-8082-exec-5] DEBUG org.hibernate.SQL - select e1_0.event_id,e1_0.capacity,e1_0.category,e1_0.date_time,e1_0.description,e1_0.location,e1_0.organizer_id,e1_0.price,e1_0.title from events e1_0 where e1_0.event_id=?
2025-07-12 16:33:34 [http-nio-8082-exec-5] ERROR c.d.e.service.WishlistService - Event not found with ID: 3
2025-07-12 16:33:34 [http-nio-8082-exec-5] ERROR o.a.c.c.C.[.[.[.[dispatcherServlet] - Servlet.service() for servlet [dispatcherServlet] in context with path [] threw exception [Request processing failed: java.lang.RuntimeException: Event not found] with root cause
java.lang.RuntimeException: Event not found
	at com.demo.eventwave.service.WishlistService.lambda$1(WishlistService.java:45)
	at java.base/java.util.Optional.orElseThrow(Optional.java:403)
	at com.demo.eventwave.service.WishlistService.addToWishlist(WishlistService.java:43)
	at java.base/jdk.internal.reflect.DirectMethodHandleAccessor.invoke(DirectMethodHandleAccessor.java:103)
	at java.base/java.lang.reflect.Method.invoke(Method.java:580)
	at org.springframework.aop.support.AopUtils.invokeJoinpointUsingReflection(AopUtils.java:359)
	at org.springframework.aop.framework.ReflectiveMethodInvocation.invokeJoinpoint(ReflectiveMethodInvocation.java:196)
	at org.springframework.aop.framework.ReflectiveMethodInvocation.proceed(ReflectiveMethodInvocation.java:163)
	at org.springframework.transaction.interceptor.TransactionAspectSupport.invokeWithinTransaction(TransactionAspectSupport.java:380)
	at org.springframework.transaction.interceptor.TransactionInterceptor.invoke(TransactionInterceptor.java:119)
	at org.springframework.aop.framework.ReflectiveMethodInvocation.proceed(ReflectiveMethodInvocation.java:184)
	at org.springframework.aop.framework.CglibAopProxy$DynamicAdvisedInterceptor.intercept(CglibAopProxy.java:727)
	at com.demo.eventwave.service.WishlistService$$SpringCGLIB$$0.addToWishlist(<generated>)
	at com.demo.eventwave.controller.WishlistController.addToWishlist(WishlistController.java:42)
	at java.base/jdk.internal.reflect.DirectMethodHandleAccessor.invoke(DirectMethodHandleAccessor.java:103)
	at java.base/java.lang.reflect.Method.invoke(Method.java:580)
	at org.springframework.web.method.support.InvocableHandlerMethod.doInvoke(InvocableHandlerMethod.java:258)
	at org.springframework.web.method.support.InvocableHandlerMethod.invokeForRequest(InvocableHandlerMethod.java:191)
	at org.springframework.web.servlet.mvc.method.annotation.ServletInvocableHandlerMethod.invokeAndHandle(ServletInvocableHandlerMethod.java:118)
	at org.springframework.web.servlet.mvc.method.annotation.RequestMappingHandlerAdapter.invokeHandlerMethod(RequestMappingHandlerAdapter.java:986)
	at org.springframework.web.servlet.mvc.method.annotation.RequestMappingHandlerAdapter.handleInternal(RequestMappingHandlerAdapter.java:891)
	at org.springframework.web.servlet.mvc.method.AbstractHandlerMethodAdapter.handle(AbstractHandlerMethodAdapter.java:87)
	at org.springframework.web.servlet.DispatcherServlet.doDispatch(DispatcherServlet.java:1089)
	at org.springframework.web.servlet.DispatcherServlet.doService(DispatcherServlet.java:979)
	at org.springframework.web.servlet.FrameworkServlet.processRequest(FrameworkServlet.java:1014)
	at org.springframework.web.servlet.FrameworkServlet.doPost(FrameworkServlet.java:914)
	at jakarta.servlet.http.HttpServlet.service(HttpServlet.java:590)
	at org.springframework.web.servlet.FrameworkServlet.service(FrameworkServlet.java:885)
	at jakarta.servlet.http.HttpServlet.service(HttpServlet.java:658)
	at org.apache.catalina.core.ApplicationFilterChain.internalDoFilter(ApplicationFilterChain.java:195)
	at org.apache.catalina.core.ApplicationFilterChain.doFilter(ApplicationFilterChain.java:140)
	at org.apache.tomcat.websocket.server.WsFilter.doFilter(WsFilter.java:51)
	at org.apache.catalina.core.ApplicationFilterChain.internalDoFilter(ApplicationFilterChain.java:164)
	at org.apache.catalina.core.ApplicationFilterChain.doFilter(ApplicationFilterChain.java:140)
	at org.springframework.security.web.authentication.AbstractAuthenticationProcessingFilter.doFilter(AbstractAuthenticationProcessingFilter.java:227)
	at org.springframework.security.web.authentication.AbstractAuthenticationProcessingFilter.doFilter(AbstractAuthenticationProcessingFilter.java:221)
	at org.apache.catalina.core.ApplicationFilterChain.internalDoFilter(ApplicationFilterChain.java:164)
	at org.apache.catalina.core.ApplicationFilterChain.doFilter(ApplicationFilterChain.java:140)
	at org.springframework.web.filter.OncePerRequestFilter.doFilter(OncePerRequestFilter.java:110)
	at org.apache.catalina.core.ApplicationFilterChain.internalDoFilter(ApplicationFilterChain.java:164)
	at org.apache.catalina.core.ApplicationFilterChain.doFilter(ApplicationFilterChain.java:140)
	at org.springframework.web.filter.CompositeFilter$VirtualFilterChain.doFilter(CompositeFilter.java:108)
	at org.springframework.security.web.FilterChainProxy.lambda$doFilterInternal$3(FilterChainProxy.java:231)
	at org.springframework.security.web.FilterChainProxy$VirtualFilterChain.doFilter(FilterChainProxy.java:365)
	at org.springframework.security.web.access.intercept.AuthorizationFilter.doFilter(AuthorizationFilter.java:101)
	at org.springframework.security.web.FilterChainProxy$VirtualFilterChain.doFilter(FilterChainProxy.java:374)
	at org.springframework.security.web.access.ExceptionTranslationFilter.doFilter(ExceptionTranslationFilter.java:126)
	at org.springframework.security.web.access.ExceptionTranslationFilter.doFilter(ExceptionTranslationFilter.java:120)
	at org.springframework.security.web.FilterChainProxy$VirtualFilterChain.doFilter(FilterChainProxy.java:374)
	at org.springframework.security.web.session.SessionManagementFilter.doFilter(SessionManagementFilter.java:131)
	at org.springframework.security.web.session.SessionManagementFilter.doFilter(SessionManagementFilter.java:85)
	at org.springframework.security.web.FilterChainProxy$VirtualFilterChain.doFilter(FilterChainProxy.java:374)
	at org.springframework.security.web.authentication.AnonymousAuthenticationFilter.doFilter(AnonymousAuthenticationFilter.java:100)
	at org.springframework.security.web.FilterChainProxy$VirtualFilterChain.doFilter(FilterChainProxy.java:374)
	at org.springframework.security.web.servletapi.SecurityContextHolderAwareRequestFilter.doFilter(SecurityContextHolderAwareRequestFilter.java:179)
	at org.springframework.security.web.FilterChainProxy$VirtualFilterChain.doFilter(FilterChainProxy.java:374)
	at org.springframework.security.web.savedrequest.RequestCacheAwareFilter.doFilter(RequestCacheAwareFilter.java:63)
	at org.springframework.security.web.FilterChainProxy$VirtualFilterChain.doFilter(FilterChainProxy.java:374)
	at org.springframework.security.web.authentication.AbstractAuthenticationProcessingFilter.doFilter(AbstractAuthenticationProcessingFilter.java:227)
	at org.springframework.security.web.authentication.AbstractAuthenticationProcessingFilter.doFilter(AbstractAuthenticationProcessingFilter.java:221)
	at org.springframework.security.web.FilterChainProxy$VirtualFilterChain.doFilter(FilterChainProxy.java:374)
	at com.demo.eventwave.filter.JwtAuthenticationFilter.doFilterInternal(JwtAuthenticationFilter.java:76)
	at org.springframework.web.filter.OncePerRequestFilter.doFilter(OncePerRequestFilter.java:116)
	at org.springframework.security.web.FilterChainProxy$VirtualFilterChain.doFilter(FilterChainProxy.java:374)
	at org.springframework.security.web.authentication.logout.LogoutFilter.doFilter(LogoutFilter.java:107)
	at org.springframework.security.web.authentication.logout.LogoutFilter.doFilter(LogoutFilter.java:93)
	at org.springframework.security.web.FilterChainProxy$VirtualFilterChain.doFilter(FilterChainProxy.java:374)
	at org.springframework.security.web.header.HeaderWriterFilter.doHeadersAfter(HeaderWriterFilter.java:90)
	at org.springframework.security.web.header.HeaderWriterFilter.doFilterInternal(HeaderWriterFilter.java:75)
	at org.springframework.web.filter.OncePerRequestFilter.doFilter(OncePerRequestFilter.java:116)
	at org.springframework.security.web.FilterChainProxy$VirtualFilterChain.doFilter(FilterChainProxy.java:374)
	at org.springframework.security.web.context.SecurityContextHolderFilter.doFilter(SecurityContextHolderFilter.java:82)
	at org.springframework.security.web.context.SecurityContextHolderFilter.doFilter(SecurityContextHolderFilter.java:69)
	at org.springframework.security.web.FilterChainProxy$VirtualFilterChain.doFilter(FilterChainProxy.java:374)
	at org.springframework.security.web.context.request.async.WebAsyncManagerIntegrationFilter.doFilterInternal(WebAsyncManagerIntegrationFilter.java:62)
	at org.springframework.web.filter.OncePerRequestFilter.doFilter(OncePerRequestFilter.java:116)
	at org.springframework.security.web.FilterChainProxy$VirtualFilterChain.doFilter(FilterChainProxy.java:374)
	at org.springframework.security.web.session.DisableEncodeUrlFilter.doFilterInternal(DisableEncodeUrlFilter.java:42)
	at org.springframework.web.filter.OncePerRequestFilter.doFilter(OncePerRequestFilter.java:116)
	at org.springframework.security.web.FilterChainProxy$VirtualFilterChain.doFilter(FilterChainProxy.java:374)
	at org.springframework.security.web.FilterChainProxy.doFilterInternal(FilterChainProxy.java:233)
	at org.springframework.security.web.FilterChainProxy.doFilter(FilterChainProxy.java:191)
	at org.springframework.web.filter.CompositeFilter$VirtualFilterChain.doFilter(CompositeFilter.java:113)
	at org.springframework.web.servlet.handler.HandlerMappingIntrospector.lambda$createCacheFilter$3(HandlerMappingIntrospector.java:243)
	at org.springframework.web.filter.CompositeFilter$VirtualFilterChain.doFilter(CompositeFilter.java:113)
	at org.springframework.web.filter.CompositeFilter.doFilter(CompositeFilter.java:74)
	at org.springframework.security.config.annotation.web.configuration.WebMvcSecurityConfiguration$CompositeFilterChainProxy.doFilter(WebMvcSecurityConfiguration.java:238)
	at org.springframework.web.filter.DelegatingFilterProxy.invokeDelegate(DelegatingFilterProxy.java:362)
	at org.springframework.web.filter.DelegatingFilterProxy.doFilter(DelegatingFilterProxy.java:278)
	at org.apache.catalina.core.ApplicationFilterChain.internalDoFilter(ApplicationFilterChain.java:164)
	at org.apache.catalina.core.ApplicationFilterChain.doFilter(ApplicationFilterChain.java:140)
	at org.springframework.web.filter.RequestContextFilter.doFilterInternal(RequestContextFilter.java:100)
	at org.springframework.web.filter.OncePerRequestFilter.doFilter(OncePerRequestFilter.java:116)
	at org.apache.catalina.core.ApplicationFilterChain.internalDoFilter(ApplicationFilterChain.java:164)
	at org.apache.catalina.core.ApplicationFilterChain.doFilter(ApplicationFilterChain.java:140)
	at org.springframework.web.filter.FormContentFilter.doFilterInternal(FormContentFilter.java:93)
	at org.springframework.web.filter.OncePerRequestFilter.doFilter(OncePerRequestFilter.java:116)
	at org.apache.catalina.core.ApplicationFilterChain.internalDoFilter(ApplicationFilterChain.java:164)
	at org.apache.catalina.core.ApplicationFilterChain.doFilter(ApplicationFilterChain.java:140)
	at org.springframework.web.filter.CharacterEncodingFilter.doFilterInternal(CharacterEncodingFilter.java:201)
	at org.springframework.web.filter.OncePerRequestFilter.doFilter(OncePerRequestFilter.java:116)
	at org.apache.catalina.core.ApplicationFilterChain.internalDoFilter(ApplicationFilterChain.java:164)
	at org.apache.catalina.core.ApplicationFilterChain.doFilter(ApplicationFilterChain.java:140)
	at org.apache.catalina.core.StandardWrapperValve.invoke(StandardWrapperValve.java:167)
	at org.apache.catalina.core.StandardContextValve.invoke(StandardContextValve.java:90)
	at org.apache.catalina.authenticator.AuthenticatorBase.invoke(AuthenticatorBase.java:483)
	at org.apache.catalina.core.StandardHostValve.invoke(StandardHostValve.java:115)
	at org.apache.catalina.valves.ErrorReportValve.invoke(ErrorReportValve.java:93)
	at org.apache.catalina.core.StandardEngineValve.invoke(StandardEngineValve.java:74)
	at org.apache.catalina.connector.CoyoteAdapter.service(CoyoteAdapter.java:344)
	at org.apache.coyote.http11.Http11Processor.service(Http11Processor.java:397)
	at org.apache.coyote.AbstractProcessorLight.process(AbstractProcessorLight.java:63)
	at org.apache.coyote.AbstractProtocol$ConnectionHandler.process(AbstractProtocol.java:905)
	at org.apache.tomcat.util.net.NioEndpoint$SocketProcessor.doRun(NioEndpoint.java:1743)
	at org.apache.tomcat.util.net.SocketProcessorBase.run(SocketProcessorBase.java:52)
	at org.apache.tomcat.util.threads.ThreadPoolExecutor.runWorker(ThreadPoolExecutor.java:1190)
	at org.apache.tomcat.util.threads.ThreadPoolExecutor$Worker.run(ThreadPoolExecutor.java:659)
	at org.apache.tomcat.util.threads.TaskThread$WrappingRunnable.run(TaskThread.java:63)
	at java.base/java.lang.Thread.run(Thread.java:1583)
2025-07-12 16:33:48 [http-nio-8082-exec-8] DEBUG org.hibernate.SQL - select u1_0.user_id,u1_0.email,u1_0.password,u1_0.role,u1_0.user_name from users u1_0 where u1_0.user_name=?
2025-07-12 16:33:48 [http-nio-8082-exec-8] DEBUG org.hibernate.SQL - select e1_0.event_id,e1_0.capacity,e1_0.category,e1_0.date_time,e1_0.description,e1_0.location,e1_0.organizer_id,e1_0.price,e1_0.title from events e1_0 where e1_0.event_id=?
2025-07-12 16:33:48 [http-nio-8082-exec-8] DEBUG org.hibernate.SQL - select w1_0.id from wishlists w1_0 where w1_0.user_id=? and w1_0.event_id=? limit ?
2025-07-12 16:33:48 [http-nio-8082-exec-8] DEBUG org.hibernate.SQL - insert into wishlists (created_at,event_id,user_id) values (?,?,?)
2025-07-12 16:33:48 [http-nio-8082-exec-8] INFO  c.d.e.service.WishlistService - Successfully added event 2 to wishlist for user 4
2025-07-12 16:33:48 [http-nio-8082-exec-8] INFO  c.d.e.controller.WishlistController - Wishlist addition result: Event added to wishlist successfully
2025-07-12 16:34:33 [http-nio-8082-exec-9] DEBUG org.hibernate.SQL - select u1_0.user_id,u1_0.email,u1_0.password,u1_0.role,u1_0.user_name from users u1_0 where u1_0.user_name=?
2025-07-12 16:34:33 [http-nio-8082-exec-9] DEBUG org.hibernate.SQL - select w1_0.id from wishlists w1_0 left join users u1_0 on u1_0.user_id=w1_0.user_id left join events e1_0 on e1_0.event_id=w1_0.event_id where u1_0.user_id=? and e1_0.event_id=? limit ?
2025-07-12 16:34:33 [http-nio-8082-exec-9] DEBUG org.hibernate.SQL - select w1_0.id,w1_0.created_at,w1_0.event_id,w1_0.user_id from wishlists w1_0 left join users u1_0 on u1_0.user_id=w1_0.user_id left join events e1_0 on e1_0.event_id=w1_0.event_id where u1_0.user_id=? and e1_0.event_id=?
2025-07-12 16:34:33 [http-nio-8082-exec-9] DEBUG org.hibernate.SQL - select e1_0.event_id,e1_0.capacity,e1_0.category,e1_0.date_time,e1_0.description,e1_0.location,e1_0.organizer_id,e1_0.price,e1_0.title from events e1_0 where e1_0.event_id=?
2025-07-12 16:34:33 [http-nio-8082-exec-9] INFO  c.d.e.service.WishlistService - Successfully removed event 2 from wishlist for user 4
2025-07-12 16:34:33 [http-nio-8082-exec-9] DEBUG org.hibernate.SQL - delete from wishlists where id=?
2025-07-12 16:34:33 [http-nio-8082-exec-9] INFO  c.d.e.controller.WishlistController - Wishlist removal result: Event removed from wishlist successfully
2025-07-12 16:34:41 [http-nio-8082-exec-10] DEBUG org.hibernate.SQL - select u1_0.user_id,u1_0.email,u1_0.password,u1_0.role,u1_0.user_name from users u1_0 where u1_0.user_name=?
2025-07-12 16:34:41 [http-nio-8082-exec-10] DEBUG org.hibernate.SQL - select w1_0.id from wishlists w1_0 left join users u1_0 on u1_0.user_id=w1_0.user_id left join events e1_0 on e1_0.event_id=w1_0.event_id where u1_0.user_id=? and e1_0.event_id=? limit ?
2025-07-12 16:34:41 [http-nio-8082-exec-10] WARN  c.d.e.service.WishlistService - Event 2 not found in wishlist for user 4
2025-07-12 16:34:41 [http-nio-8082-exec-10] INFO  c.d.e.controller.WishlistController - Wishlist removal result: Event not found in wishlist
2025-07-12 16:34:57 [http-nio-8082-exec-1] DEBUG org.hibernate.SQL - select u1_0.user_id,u1_0.email,u1_0.password,u1_0.role,u1_0.user_name from users u1_0 where u1_0.user_name=?
2025-07-12 16:34:57 [http-nio-8082-exec-1] DEBUG org.hibernate.SQL - select e1_0.event_id,e1_0.capacity,e1_0.category,e1_0.date_time,e1_0.description,e1_0.location,e1_0.organizer_id,e1_0.price,e1_0.title from events e1_0 where e1_0.event_id=?
2025-07-12 16:34:57 [http-nio-8082-exec-1] DEBUG org.hibernate.SQL - select w1_0.id from wishlists w1_0 where w1_0.user_id=? and w1_0.event_id=? limit ?
2025-07-12 16:34:57 [http-nio-8082-exec-1] DEBUG org.hibernate.SQL - insert into wishlists (created_at,event_id,user_id) values (?,?,?)
2025-07-12 16:34:57 [http-nio-8082-exec-1] INFO  c.d.e.service.WishlistService - Successfully added event 2 to wishlist for user 4
2025-07-12 16:34:57 [http-nio-8082-exec-1] INFO  c.d.e.controller.WishlistController - Wishlist addition result: Event added to wishlist successfully
2025-07-12 16:35:43 [http-nio-8082-exec-4] DEBUG org.hibernate.SQL - select u1_0.user_id,u1_0.email,u1_0.password,u1_0.role,u1_0.user_name from users u1_0 where u1_0.user_name=?
2025-07-12 16:35:43 [http-nio-8082-exec-4] DEBUG org.hibernate.SQL - select w1_0.id from wishlists w1_0 left join users u1_0 on u1_0.user_id=w1_0.user_id left join events e1_0 on e1_0.event_id=w1_0.event_id where u1_0.user_id=? and e1_0.event_id=? limit ?
2025-07-12 16:35:43 [http-nio-8082-exec-4] DEBUG org.hibernate.SQL - select w1_0.id,w1_0.created_at,w1_0.event_id,w1_0.user_id from wishlists w1_0 left join users u1_0 on u1_0.user_id=w1_0.user_id left join events e1_0 on e1_0.event_id=w1_0.event_id where u1_0.user_id=? and e1_0.event_id=?
2025-07-12 16:35:43 [http-nio-8082-exec-4] DEBUG org.hibernate.SQL - select e1_0.event_id,e1_0.capacity,e1_0.category,e1_0.date_time,e1_0.description,e1_0.location,e1_0.organizer_id,e1_0.price,e1_0.title from events e1_0 where e1_0.event_id=?
2025-07-12 16:35:43 [http-nio-8082-exec-4] INFO  c.d.e.service.WishlistService - Successfully removed event 2 from wishlist for user 4
2025-07-12 16:35:43 [http-nio-8082-exec-4] DEBUG org.hibernate.SQL - delete from wishlists where id=?
2025-07-12 16:35:43 [http-nio-8082-exec-4] INFO  c.d.e.controller.WishlistController - Wishlist removal result: Event removed from wishlist successfully
2025-07-12 16:36:07 [http-nio-8082-exec-2] DEBUG org.hibernate.SQL - select u1_0.user_id,u1_0.email,u1_0.password,u1_0.role,u1_0.user_name from users u1_0 where u1_0.user_name=?
2025-07-12 16:36:07 [http-nio-8082-exec-2] DEBUG org.hibernate.SQL - select e1_0.event_id,e1_0.capacity,e1_0.category,e1_0.date_time,e1_0.description,e1_0.location,e1_0.organizer_id,e1_0.price,e1_0.title from events e1_0 where e1_0.event_id=?
2025-07-12 16:36:07 [http-nio-8082-exec-2] DEBUG org.hibernate.SQL - select w1_0.id from wishlists w1_0 where w1_0.user_id=? and w1_0.event_id=? limit ?
2025-07-12 16:36:07 [http-nio-8082-exec-2] DEBUG org.hibernate.SQL - insert into wishlists (created_at,event_id,user_id) values (?,?,?)
2025-07-12 16:36:07 [http-nio-8082-exec-2] INFO  c.d.e.service.WishlistService - Successfully added event 2 to wishlist for user 4
2025-07-12 16:36:07 [http-nio-8082-exec-2] INFO  c.d.e.controller.WishlistController - Wishlist addition result: Event added to wishlist successfully
2025-07-12 16:42:21 [HikariPool-1 housekeeper] WARN  com.zaxxer.hikari.pool.HikariPool - HikariPool-1 - Thread starvation or clock leap detected (housekeeper delta=1m38s564ms913µs900ns).
2025-07-12 16:44:55 [http-nio-8082-exec-7] DEBUG org.hibernate.SQL - select u1_0.user_id,u1_0.email,u1_0.password,u1_0.role,u1_0.user_name from users u1_0 where u1_0.user_name=?
2025-07-12 16:44:55 [http-nio-8082-exec-7] DEBUG org.hibernate.SQL - select w1_0.id,w1_0.created_at,w1_0.event_id,w1_0.user_id from wishlists w1_0 left join users u1_0 on u1_0.user_id=w1_0.user_id where u1_0.user_id=?
2025-07-12 16:44:55 [http-nio-8082-exec-7] DEBUG org.hibernate.SQL - select e1_0.event_id,e1_0.capacity,e1_0.category,e1_0.date_time,e1_0.description,e1_0.location,e1_0.organizer_id,e1_0.price,e1_0.title from events e1_0 where e1_0.event_id=?
2025-07-12 16:44:55 [http-nio-8082-exec-7] DEBUG org.hibernate.SQL - select e1_0.event_id,e1_0.capacity,e1_0.category,e1_0.date_time,e1_0.description,e1_0.location,e1_0.organizer_id,e1_0.price,e1_0.title from events e1_0 where e1_0.event_id=?
2025-07-12 16:44:55 [http-nio-8082-exec-7] INFO  c.d.e.controller.WishlistController - Found 2 items in wishlist for user shivan
2025-07-12 16:47:19 [http-nio-8082-exec-9] DEBUG org.hibernate.SQL - select u1_0.user_id,u1_0.email,u1_0.password,u1_0.role,u1_0.user_name from users u1_0 where u1_0.user_name=?
2025-07-12 16:48:34 [http-nio-8082-exec-4] DEBUG org.hibernate.SQL - select u1_0.user_id,u1_0.email,u1_0.password,u1_0.role,u1_0.user_name from users u1_0 where u1_0.user_name=?
2025-07-12 17:15:52 [HikariPool-1 housekeeper] WARN  com.zaxxer.hikari.pool.HikariPool - HikariPool-1 - Thread starvation or clock leap detected (housekeeper delta=4m563ms626µs799ns).
2025-07-12 22:36:25 [HikariPool-1 housekeeper] WARN  com.zaxxer.hikari.pool.HikariPool - HikariPool-1 - Thread starvation or clock leap detected (housekeeper delta=5h5m5s781ms131µs900ns).
2025-07-12 22:36:48 [RMI TCP Connection(95)-127.0.0.1] INFO  o.s.b.a.SpringApplicationAdminMXBeanRegistrar$SpringApplicationAdmin - Application shutdown requested.
2025-07-12 22:36:48 [RMI TCP Connection(95)-127.0.0.1] INFO  o.s.b.w.e.tomcat.GracefulShutdown - Commencing graceful shutdown. Waiting for active requests to complete
2025-07-12 22:36:48 [tomcat-shutdown] INFO  o.s.b.w.e.tomcat.GracefulShutdown - Graceful shutdown complete
2025-07-12 22:36:48 [RMI TCP Connection(95)-127.0.0.1] INFO  o.s.o.j.LocalContainerEntityManagerFactoryBean - Closing JPA EntityManagerFactory for persistence unit 'default'
2025-07-12 22:36:48 [RMI TCP Connection(95)-127.0.0.1] INFO  com.zaxxer.hikari.HikariDataSource - HikariPool-1 - Shutdown initiated...
2025-07-12 22:36:48 [RMI TCP Connection(95)-127.0.0.1] INFO  com.zaxxer.hikari.HikariDataSource - HikariPool-1 - Shutdown completed.
